   18  pwd
   19  cd ../
   20  nf WZZ
   21  scp -r qilongguo@login.uscms.org:/local-scratch/qilongguo/genproductions/bin/MadGraph5_aMCatNLO/sample/WZZ/v4/lhe/cmsgrid_final.lhe .
   22  pwd
   23  exit
   24  cd /afs/cern.ch/work/q/qiguo/B2G/work/04/04_19
   25  ls
   26  cd private_production/
   27  ls
   28  cd WWZ
   29  ls
   30  cd lhe_v2/
   31  cd DR1/
   32  ls
   33  cd /afs/cern.ch/work/q/qiguo/B2G/work/04/04_17/16code/CMSSW_10_2_18/src/ExoDiBosonResonances/EDBRTreeMaker/test
   34  ls
   35  cd -
   36  pwd
   37  ls
   38  cd CMSSW_8_0_21/src/
   39  cmsenv
   40  cd ../../
   41  rm -r crab_WWZ_SM_LS_LM_LT_UFO_DR1_v2
   42  crab submit -c crab_WWZ_SM_LS_LM_LT_UFO_GS_v1.py
   43  crab status -d ./crab_WWZ_SM_LS_LM_LT_UFO_DR1_v2
   44  ls
   45  vim crab_WWZ_SM_LS_LM_LT_UFO_GS_v1.py
   46  crab submit -c crab_WWZ_SM_LS_LM_LT_UFO_GS_v1.py
   47  crab status -d ./crab_WWZ_SM_LS_LM_LT_UFO_DR1_v3
   48  exit
   49  cd /afs/cern.ch/work/q/qiguo/B2G/work/04/04_17/16code/data/CMSSW_10_2_18/src/ExoDiBosonResonances/EDBRTreeMaker/test
   50  cd /afs/cern.ch/work/q/qiguo/B2G/work/04/04_17/16code/CMSSW_10_2_18/src/ExoDiBosonResonances/EDBRTreeMaker/test
   51  ls
   52  c
   53  cd 2016_crab/
   54  ls
   55  vim 2016_MC_dataset.list
   56  cd /eos/user/q/qiguo/crab/VVV/16sample/2020_5_1_MC
   57  cd /eos/user/q/qiguo/CMSSW_10_2_18/src;cmsenv;cd -
   58  vim Top.sh
   59  mv Top.sh STop.sh
   60  vim STop.sh 
   61  sh STop.sh 
   62  cd /eos/user/q/qiguo/transfertree/Mu16
   63  clear
   64  vim test.py
   65  vim hhh.txt
   66  vim test.py
   67  python test.py 
   68  vim test.py
   69  python test.py 
   70  l
   71  vim new.h
   72  mv EDBR2PKUTree.h EDBR2PKUTree.h.bk
   73  mv new.h EDBR2PKUTree.h
   74  cd /afs/cern.ch/work/q/qiguo/B2G/work/05/05_01/WJets_inc_vs_binned/v1/CMSSW_10_2_18/src/HT/HT/python
   75  ls
   76  cd 2017_crab
   77  ls
   78  cd getXsec
   79  ls
   80  vim run.py
   81  cd /eos/user/q/qiguo/transfertree/Mu16
   82  ls
   83  vim filelist.txt
   84  pwd
   85  exit
   86  cd /eos/user/q/qiguo/crab/VVV/16sample/2020_5_1_MC
   87  cd /eos/user/q/qiguo/CMSSW_10_2_18/src;cmsenv;cd -
   88  vim WJets.sh
   89  sh WJets.sh 
   90  pwd
   91  ls
   92  pwd
   93  cd /eos/user/q/qiguo/crab/VVV/16data/combine
   94  ls
   95  sh singleMuon-16F-v1_new_new.sh;sh singleMuon-16G-v1_new_new.sh;
   96  cd /eos/user/q/qiguo/transfertree/Mu16
   97  clear
   98  ls
   99  vim filelist_ST.txt
  100  cp runEDBR2PKUTree.py runEDBR2PKUTree_ST.py
  101  vim runEDBR2PKUTree_ST.py
  102  vim filelist_ST.txt
  103  vim runEDBR2PKUTree_ST.py
  104  vim filelist_ST.txt
  105  vim filelist_WJes.txt
  106  mv filelist_WJes.txt filelist_WJets.txt
  107  vim filelist_WJets.txt
  108  cp runEDBR2PKUTree_ST.py runEDBR2PKUTree_WJets.py
  109  vim runEDBR2PKUTree_WJets.py
  110  vim filelist_other.txt
  111  cp runEDBR2PKUTree_WJets.py runEDBR2PKUTree_other.py
  112  vim runEDBR2PKUTree_other.py
  113  vim filelist_QCD.txt
  114  cp runEDBR2PKUTree_other.py runEDBR2PKUTree_QCD.py
  115  vim runEDBR2PKUTree_QCD.py
  116  exit
  117  cd /eos/user/q/qiguo/crab/VVV/16sample/2020_5_1_MC
  118  cd /eos/user/q/qiguo/CMSSW_10_2_18/src;cmsenv;cd -
  119  vim QCD.sh
  120  sh QCD.sh 
  121  cd /eos/user/q/qiguo/crab/VVV/16data/
  122  ls
  123  cd Single
  124  cd SingleMuon/
  125  ls
  126  cd ../
  127  cd -
  128  mkdir combine
  129  cd combine/
  130  pwd
  131  cp /eos/user/q/qiguo/crab/VVV/16sample/2020_5_1_MC/combine_rootfile.py .
  132  vim combine_rootfile.py 
  133  pwd
  134  cd ../
  135  ls
  136  cd SingleMuon
  137  pwd
  138  cd ../
  139  ls
  140  cd SingleMuonU
  141  ls
  142  cd ../
  143  ls
  144  cd SingleMuon
  145  ls
  146  pwd
  147  cd /eos/user/q/qiguo/crab/VVV/16data/combine
  148  ls
  149  sh singleMuon-16D-v1_new_new.sh;sh singleMuon-16E-v1_new_new.sh;
  150  ls
  151  clear
  152  cd /eos/user/q/qiguo/crab/VVV/16sample/2020_5_1_MC/
  153  ls
  154  mv ST_s-channel_4f_leptonDecays_13TeV-amcatnlo-pythia8.root ST_s-channel_4f_leptonDecays_13TeV-amcatnlo-pythia8_TuneCUETP8M1.root
  155  ls
  156  mv ST_t-channel_antitop_4f_inclusiveDecays_13TeV-powhegV2-madspin-pythia8.root ST_t-channel_antitop_4f_inclusiveDecays_13TeV-powhegV2-madspin-pythia8_TuneCUETP8M1.root
  157  mv ST_t-channel_top_4f_inclusiveDecays_13TeV-powhegV2-madspin-pythia8.root ST_t-channel_top_4f_inclusiveDecays_13TeV-powhegV2-madspin-pythia8_TuneCUETP8M1.root
  158  mv ST_tW_antitop_5f_inclusiveDecays_13TeV-powheg-pythia8.root ST_tW_antitop_5f_inclusiveDecays_13TeV-powheg-pythia8_TuneCUETP8M1.root
  159  mv ST_tW_top_5f_inclusiveDecays_13TeV-powheg-pythia8.root ST_tW_top_5f_inclusiveDecays_13TeV-powheg-pythia8_TuneCUETP8M1.root
  160  ls
  161  mv WJetsToLNu_HT-100To200.root WJetsToLNu_HT-100To200_TuneCUETP8M1_13TeV-madgraphMLM-pythia8.root
  162  mv WJetsToLNu_HT-1200To2500.root WJetsToLNu_HT-1200To2500_TuneCUETP8M1_13TeV-madgraphMLM-pythia8.root
  163  mv WJetsToLNu_HT-200To400.root WJetsToLNu_HT-200To400_TuneCUETP8M1_13TeV-madgraphMLM-pythia8.root
  164  mv WJetsToLNu_HT-2500ToInf.root WJetsToLNu_HT-2500ToInf_TuneCUETP8M1_13TeV-madgraphMLM-pythia8.root
  165  mv WJetsToLNu_HT-400To600.root WJetsToLNu_HT-400To600_TuneCUETP8M1_13TeV-madgraphMLM-pythia8.root
  166  mv WJetsToLNu_HT-600To800.root WJetsToLNu_HT-600To800_TuneCUETP8M1_13TeV-madgraphMLM-pythia8.root
  167  mv WJetsToLNu_HT-800To1200.root WJetsToLNu_HT-800To1200_TuneCUETP8M1_13TeV-madgraphMLM-pythia8.root
  168  ls
  169  mv WWToLNuQQ_13TeV-powheg.root WWToLNuQQ_13TeV-powheg.root
  170  mv WZTo1L1Nu2Q_13TeV_amcatnloFXFX_madspin_pythia8.root WZTo1L1Nu2Q_13TeV_amcatnloFXFX_madspin_pythia8.root
  171  mv QCD_HT1000to1500.root QCD_HT1000to1500_TuneCUETP8M1_13TeV-madgraphMLM-pythia8.root
  172  mv QCD_HT500to700.root QCD_HT500to700_TuneCUETP8M1_13TeV-madgraphMLM-pythia8.root
  173  mv QCD_HT700to1000.root QCD_HT700to1000_TuneCUETP8M1_13TeV-madgraphMLM-pythia8.root
  174  mv QCD_HT1500to2000.root QCD_HT1500to2000_TuneCUETP8M1_13TeV-madgraphMLM-pythia8.root
  175  mv QCD_HT2000toInf.root QCD_HT2000toInf_TuneCUETP8M1_13TeV-madgraphMLM-pythia8.root
  176  exit
  177  cd /afs/cern.ch/work/q/qiguo/B2G/work/04/04_17/16code/CMSSW_10_2_18/src/ExoDiBosonResonances/EDBRTreeMaker/test
  178  ls
  179  c
  180  sh check_16.sh 
  181  cd /eos/user/q/qiguo/CMSSW_10_2_18/src;cmsenv;cd /eos/user/q/qiguo/crab/VVV/16sample/2020_5_1_MC;
  182  ls
  183  vim Others.sh
  184  sh Others.sh 
  185  cd /afs/cern.ch/work/q/qiguo/B2G/work/04/04_17/16code/data/CMSSW_10_2_18/src/ExoDiBosonResonances/EDBRTreeMaker/test
  186  ls
  187  cd 2016data/1
  188  ls
  189  cd 2016data/
  190  ls
  191  vim crab3_analysisdata2.py
  192  cd /eos/user/q/qiguo/crab/VVV/16data/combine
  193  clear
  194  ls
  195  cd ../
  196  ls
  197  cd SingleMuon/
  198  ls
  199  du -sh
  200  cd ../
  201  ls
  202  vim move.py
  203  python move.py 
  204  vim move.py
  205  python move.py 
  206  vim move.py
  207  python move.py 
  208  vim move.py
  209  python move.py 
  210  ls
  211  rm -r SingleMuonU
  212  cd combine/
  213  ls
  214  vim combine_rootfile.py 
  215  python combine_rootfile.py 
  216  vim combine_rootfile.py 
  217  python combine_rootfile.py 
  218  ls
  219  vim singleMuon-16B-v2_new_new.sh
  220  pwd
  221  vim singleMuon-16B-v2_new_new.sh
  222  vi combine_rootfile.py 
  223  pwd
  224  vi combine_rootfile.py 
  225  pwd
  226  python combine_rootfile.py 
  227  ls
  228  vim singleMuon-16B-v2_new_new.sh
  229  pwd
  230  sh singleMuon-16B-v2_new_new.sh;sh singleMuon-16C-v1_new_new.sh;
  231  pwd
  232  cd ../
  233  mv combine/ 20_5_11_data
  234  cd 20_5_11_data/
  235  pwd
  236  ls
  237  mkdir tree_sf_new
  238  mv singleMuon-16B-v2_new_new.root singleMuon-16B-v2.root
  239  cd tree_sf_new/
  240  ls
  241  pwd
  242  cd ../
  243  ls
  244  mv singleMuon-16C-v1_new_new.root singleMuon-16C-v1.root
  245  mv singleMuon-16D-v1_new_new.root singleMuon-16D-v1.root
  246  mv singleMuon-16E-v1_new_new.root singleMuon-16E-v1.root
  247  mv singleMuon-16F-v1_new_new.root singleMuon-16F-v1.root
  248  mv singleMuon-16G-v1_new_new.root singleMuon-16G-v1.root
  249  ls
  250  cd tree_sf_new
  251  ls
  252  exit
  253  cd /afs/cern.ch/work/q/qiguo/B2G/work/04/04_17/16code/CMSSW_10_2_18/src/ExoDiBosonResonances/EDBRTreeMaker/test
  254  ls
  255  cd 2016_crab/
  256  ls
  257  cd 16crabfolder
  258  ls
  259  vi WWW_4F_TuneCUETP8M1_13TeV-amcatnlo-pythia8.py
  260  ls /eos/user/q/qiguo/crab/VVV/16sample
  261  cd ../
  262  ls
  263  c
  264  cmsRun analysis.py 
  265  vim analysis.py 
  266  cmsRun analysis.py 
  267  pwd
  268  l
  269  vim analysis.py 
  270  ls
  271  cd 2016_crab/16crabfolder/
  272  ls
  273  vim QCD_HT300to500_TuneCUETP8M1_13TeV-madgraphMLM-pythia8.py
  274  cd /eos/user/q/qiguo/
  275  ls
  276  cd crab
  277  ls
  278  cd B2G/
  279  ls
  280  cd WJets_reweighting
  281  ls
  282  cd 16finalsample/
  283  ls
  284  pwd
  285  cd /eos/user/q/qiguo/crab/VVV/16sample/2020_5_1_MC
  286  clear
  287  ls
  288  cd ../
  289  ls
  290  pwd
  291  cd -
  292  ls
  293  cd ../
  294  ls
  295  cd -
  296  cd ../../
  297  ls
  298  cd ../
  299  ls
  300  cd B2G
  301  ls
  302  cd WJets_17/
  303  ls
  304  com
  305  cd combine/
  306  ls
  307  pwd
  308  cd /eos/user/q/qiguo/crab/VVV/16sample/2020_5_1_MC
  309  pwd
  310  ls
  311  ls ../
  312  cd /eos/user/q/qiguo/CMSSW_10_2_18/src;cmsenv;cd /eos/user/q/qiguo/crab/VVV/16sample/2020_5_1_MC;
  313  cd //
  314  cd -
  315  cd ../
  316  ls
  317  cd WWW_4F_TuneCUETP8M1_13TeV-amcatnlo-pythia8/16_WWW_4F_TuneCUETP8M1_13TeV-amcatnlo-pythia8/200425_141524/0000/
  318  ls
  319  cp RStreeEDBR_pickup_1.root /eos/user/q/qiguo/crab/VVV/16sample/2020_5_1_MC/WWW_4F_TuneCUETP8M1_13TeV-amcatnlo-pythia8.root
  320  cd /eos/user/q/qiguo/crab/VVV/16sample/2020_5_1_MC/
  321  ls *root
  322  exit
  323  ls
  324  cd tutorial/
  325  ls
  326  cd transfer_tree/
  327  ls
  328  cd ntuple/
  329  ls
  330  cd Mu17
  331  ls
  332  cd ../../../
  333  ls
  334  cd ../
  335  ls
  336  ls /afs/cern.ch/user/x/xulyu/work/public/forqqilong/ntuple
  337  wo
  338  ls
  339  mkdir trans_fertree
  340  cd trans_fertree/
  341  cd ../
  342  mv trans_fertree transfertree
  343  cd transfertree
  344  cp -r /afs/cern.ch/user/x/xulyu/work/public/forqqilong/ntuple .
  345  ls
  346  cd ntuple/
  347  ls
  348  cd Mu16/
  349  ls
  350  vim filelist.txt
  351  vim runEDBR2PKUTree.py
  352  pwd
  353  cd /eos/user/q/qiguo/transfertree/Mu16
  354  ls
  355  cd ../../
  356  ls
  357  cd crab/VVV/16sample
  358  ls
  359  cd CRAB_UserFiles/
  360  ls
  361  cd 16_WWW_aQGC_miniAOD_v1_v2/
  362  ls
  363  cd ../../
  364  ls
  365  nf 2020_5_1_MC
  366  pwd
  367  cp -r /eos/user/q/qiguo/crab/B2G/WJets_reweighting/16finalsample/combine_rootfile.py .
  368  vim combine_rootfile.py 
  369  ls
  370  pwd
  371  vim combine_rootfile.py 
  372  cd ../QCD_HT1000to1500_TuneCUETP8M1_13TeV-madgraphMLM-pythia8/
  373  du -sh
  374  cd -
  375  cd ../WJetsToLNu_HT-1200To2500_TuneCUETP8M1_13TeV-madgraphMLM-pythia8
  376  du -sh
  377  cd -
  378  vim combine_rootfile.py 
  379  pwd
  380  vim combine_rootfile.py 
  381  cp /eos/user/q/qiguo/crab/B2G/WJets_17/combine/combine_rootfile2.py .
  382  ls
  383  rm -r combine_rootfile.py 
  384  mv combine_rootfile2.py combine_rootfile.py
  385  vim combine_rootfile.py 
  386  python combine_rootfile.py 
  387  vim combine_rootfile.py 
  388  python combine_rootfile.py 
  389  ls
  390  vim QCD_HT100to200_TuneCUETP8M1_13TeV-madgraphMLM-pythia8.sh
  391  vim WWW_4F_TuneCUETP8M1_13TeV-amcatnlo-pythia8.sh
  392  rm CRAB_UserFiles.sh
  393  vim ST_tW_antitop_5f_inclusiveDecays_13TeV-powheg-pythia8_TuneCUETP8M1.sh
  394  vim TT_TuneCUETP8M2T4_13TeV-powheg-pythia8.sh
  395  ls total.sh
  396  ls > total.sh
  397  vim total.sh 
  398  pwd
  399  vim combine_rootfile.py 
  400  vim total.sh 
  401  ls *root
  402  pwd
  403  l
  404  cd tree_sf_new
  405  ls
  406  pwd
  407  exit
  408  cd /afs/cern.ch/work/q/qiguo/B2G/work/04/04_17/16code/data/CMSSW_10_2_18/src/ExoDiBosonResonances/EDBRTreeMaker/test
  409  c
  410  ls
  411  sh 2016_check.sh 
  412  vim 2016_check.sh
  413  ls
  414  cd crab_singleMuon-16C-v1_new_new
  415  ls
  416  vim crab.log 
  417  crab report crab_singleMuon-16B-v2_new_new
  418  cd ../
  419  crab report crab_singleMuon-16B-v2_new_new
  420  vim processedLumis.json
  421  ls
  422  cd crab_singleMuon-16B-v2_new_new
  423  ls
  424  cdrecord 
  425  cd results/
  426  ls
  427  vim processedLumis.json
  428  vim lumisToProcess.json
  429  export PATH=$HOME/.local/bin:/afs/cern.ch/cms/lumi/brilconda-1.1.7/bin:$PATH
  430  python -m pip install brilws --upgrade --user
  431  brilcalc lumi --normtag /cvmfs/cms-bril.cern.ch/cms-lumi-pog/Normtags/normtag_PHYSICS.json -u /fb -i  *.json
  432  brilcalc lumi --normtag /cvmfs/cms-bril.cern.ch/cms-lumi-pog/Normtags/normtag_PHYSICS.json -u /fb -i  lumisToProcess.json
  433  cd ../
  434  ls
  435  cd ../
  436  ls
  437  vim analysis.py
  438  cmsRun analysis.py
  439  c
  440  cmsRun analysis.py
  441  pwd
  442  ls
  443  cd /eos/user/q/qiguo/
  444  ls
  445  mkdir transfertree
  446  cd t
  447  cd transfertree/
  448  ls
  449  cp -r /afs/cern.ch/work/q/qiguo/public/transfertree/ntuple/Mu16 .
  450  cd Mu16/
  451  ls
  452  vim runEDBR2PKUTree.py
  453  pwd
  454  Root -l
  455  vim filelist.txt 
  456  vim filelisttest.txt
  457  cd
  458  wo
  459  cd r
  460  cd transfertree/
  461  ls
  462  cd ntuple/
  463  ls
  464  cd Mu16/
  465  vim EDBR2PKUTree.
  466  vim EDBR2PKUTree.h 
  467  exit
  468  exit
  469  cd /eos/user/q/qiguo/transfertree/Mu16/../CMSSW_8_2_0/src/
  470  cmsenv
  471  cd ../../Mu16/
  472  ls
  473  python runEDBR2PKUTree_QCD.py
  474  exit
  475  cd /eos/user/q/qiguo/transfertree/Mu16
  476  ls
  477  cd .../
  478  cd ../
  479  ls
  480  cmsrel CMSSW_8_2_0
  481  cd CMSSW_8_2_0/src/
  482  cmsenv
  483  cd ../../
  484  cd Mu16/
  485  ls
  486  vim runEDBR2PKUTree.py 
  487  vim filelist.txt
  488  vim runEDBR2PKUTree.py
  489  vim filelist1.txt
  490  root -l
  491  ls
  492  vim runEDBR2PKUTree.py
  493  python runEDBR2PKUTree.py 
  494  ls
  495  vim EDBR2PKUTree.h
  496  vim EDBR2PKUTree.C
  497  vim runEDBR2PKUTree.py 
  498  python runEDBR2PKUTree.py 
  499  mkdir /eos/user/q/qiguo/crab/VVV/16sample/2020_5_1_MC/tree_sf_new/
  500  python runEDBR2PKUTree.py 
  501  vim EDBR2PKUTree.h
  502  pwd
  503  vim EDBR2PKUTree.h
  504  root -l
  505  python runEDBR2PKUTree.py 
  506  ls
  507  vim EDBR2PKUTree.h
  508  root -l
  509  python runEDBR2PKUTree.py 
  510  vim EDBR2PKUTree.h
  511  vim EDBR2PKUTree.C
  512  root -l
  513  python runEDBR2PKUTree.py 
  514  ls
  515  pwd
  516  vim filelist.txt
  517  pwd
  518  python runEDBR2PKUTree_ST.py 
  519  python runEDBR2PKUTree_WJets.py
  520  exit
  521  cd /eos/user/q/qiguo/transfertree/Mu16
  522  cd ../
  523  cd CMSSW_8_2_0/src/
  524  cmsenv
  525  cd ../../
  526  ls
  527  cd Mu16/
  528  ls
  529  vim filelist_data.txt
  530  cp runEDBR2PKUTree.py runEDBR2PKUTree_data.py
  531  vim runEDBR2PKUTree_data.py
  532  python runEDBR2PKUTree_data.py 
  533  vim runEDBR2PKUTree_data.py
  534  vim filelist_data.txt
  535  python runEDBR2PKUTree_data.py 
  536  ls
  537  python runEDBR2PKUTree_other.py 
  538  exit
  539  cd /eos/user/q/qiguo/crab/VVV/16sample/2020_5_1_MC/tree_sf_new
  540  ls
  541  hadd mu_PKUTree_2016vvv.root mu_out_singleMuon*
  542  l
  543  spwd
  544  pwd
  545  hadd mu_PKUTree_TTBARpowheg_xww.root mu_out_WJetsToLNu_HT*
  546  mv mu_PKUTree_TTBARpowheg_xww.root mu_PKUTree_WJetsPt180_xww.root
  547  hadd mu_PKUTree_QCD.root mu_out_QCD_HT*
  548  ls
  549  hadd mu_PKUTree_ttV.root mu_out_ttWJets_13TeV_madgraphMLM.root mu_out_ttZJets_13TeV_madgraphMLM-pythia8.root
  550  ls
  551  cd ../
  552  ls
  553  cp /eos/user/q/qiguo/crab/VVV/16sample/WWZ_TuneCUETP8M1_13TeV-amcatnlo-pythia8/16_WWZ_TuneCUETP8M1_13TeV-amcatnlo-pythia8/200425_141538/0000/RStreeEDBR_pickup_1.root WWZ_TuneCUETP8M1_13TeV-amcatnlo-pythia8.root
  554  hadd WZZ_TuneCUETP8M1_13TeV-amcatnlo-pythia8.root /eos/user/q/qiguo/crab/VVV/16sample/WZZ_TuneCUETP8M1_13TeV-amcatnlo-pythia8/16_WZZ_TuneCUETP8M1_13TeV-amcatnlo-pythia8/200425_141552/0000/RStreeEDBR_pickup_1.root /eos/user/q/qiguo/crab/VVV/16sample/WZZ_TuneCUETP8M1_13TeV-amcatnlo-pythia8/16_WZZ_TuneCUETP8M1_13TeV-amcatnlo-pythia8/200425_141552/0000/RStreeEDBR_pickup_2.root
  555  hadd ZZZ_TuneCUETP8M1_13TeV-amcatnlo-pythia8.root /eos/user/q/qiguo/crab/VVV/16sample/ZZZ_TuneCUETP8M1_13TeV-amcatnlo-pythia8/16_ZZZ_TuneCUETP8M1_13TeV-amcatnlo-pythia8/200425_141611/0000/RStreeEDBR_pickup_1.root /eos/user/q/qiguo/crab/VVV/16sample/ZZZ_TuneCUETP8M1_13TeV-amcatnlo-pythia8/16_ZZZ_TuneCUETP8M1_13TeV-amcatnlo-pythia8/200425_141611/0000/RStreeEDBR_pickup_2.root
  556  ls
  557  cd tree_sf_new/
  558  ls
  559  hadd mu_PKUTree_VVV.root mu_out_WWW_4F_TuneCUETP8M1_13TeV-amcatnlo-pythia8.root mu_out_WWZ_TuneCUETP8M1_13TeV-amcatnlo-pythia8.root mu_out_WZZ_TuneCUETP8M1_13TeV-amcatnlo-pythia8.root mu_out_ZZZ_TuneCUETP8M1_13TeV-amcatnlo-pythia8.root
  560  ls
  561  rm mu_PKUTree_2016vvv.root
  562  hadd mu_PKUTree_2016vvv.root mu_out_singleMuon*
  563  pwd
  564  ls
  565  exit
  566  clear
  567  cd /eos/user/q/qiguo/crab/VVV/
  568  ls
  569  cd 16sample/
  570  ls
  571  cd 2020_5_1_MC/
  572  ls
  573  cd tree_sf_new/
  574  ls
  575  pwd
  576  ls
  577  ls /eos/cms/store/user/xulyu/data2016_3.10_correct_tau4/16/tree_sf/
  578  cd /eos/user/q/qiguo/crab/VVV/16sample/2020_5_1_MC/tree_sf_new
  579  clear
  580  ls
  581  hadd mu_PKUTree_SingleTop_xww.root mu_out_ST*
  582  l
  583  mv mu_out_TT_TuneCUETP8M2T4_13TeV-powheg-pythia8.root mu_PKUTree_TTBARpowheg_xww.root
  584  hadd mu_PKUTree_VV_xww.root mu_out_WWToLNuQQ_13TeV-powheg.root mu_out_WZTo1L1Nu2Q_13TeV_amcatnloFXFX_madspin_pythia8.root mu_out_ZZTo2L2Q_13TeV_amcatnloFXFX_madspin_pythia8.root
  585  exit
  586  cd /eos/user/q/qiguo/
  587  ls
  588  cd crab
  589  ls
  590  cd VVV/
  591  ls
  592  cd 16sample/
  593  ls
  594  cd ../
  595  cd 16data/
  596  ls
  597  cd 20_5_11_data/
  598  du -sh
  599  pwd
  600  ls
  601  cd tree_sf_new/
  602  du -sh
  603  ls
  604  cp * /eos/user/q/qiguo/crab/VVV/16sample/2020_5_1_MC/tree_sf_new
  605  ls
  606  pwd
  607  cd /eos/user/q/qiguo/crab/VVV
  608  ls
  609  cd 16sample/
  610  ls
  611  cd WWZ_TuneCUETP8M1_13TeV-amcatnlo-pythia8/16_WWZ_TuneCUETP8M1_13TeV-amcatnlo-pythia8/200425_141538/0000/
  612  ls
  613  pwd
  614  cd -
  615  cd WZZ_TuneCUETP8M1_13TeV-amcatnlo-pythia8/16_WZZ_TuneCUETP8M1_13TeV-amcatnlo-pythia8/200425_141552/0000/
  616  pwd
  617  ls
  618  cd -
  619  cd ZZZ_TuneCUETP8M1_13TeV-amcatnlo-pythia8/16_ZZZ_TuneCUETP8M1_13TeV-amcatnlo-pythia8/200425_141611/0000/
  620  ls
  621  pwd
  622  cd /afs/cern.ch/work/q/qiguo/B2G/work/04/04_17/16code/data/CMSSW_10_2_18/src/ExoDiBosonResonances/EDBRTreeMaker/test
  623  ls
  624  c
  625  ls
  626  vim 2016_report.sh
  627  chmod 755 2016_report.sh 
  628  sh 2016_report.sh
  629  exit
  630  ls
  631  cd /eos/user/q/qiguo/
  632  ls
  633  cd transfertree
  634  ls
  635  cd CMSSW_8_2_0/src/;cmsenv
  636  pwd
  637  cd ../../
  638  ls
  639  cd Mu16/
  640  ls
  641  vim filelist_VVV.txt
  642  cp runEDBR2PKUTree_other.py runEDBR2PKUTree_VVV.py
  643  vim runEDBR2PKUTree_VVV.py
  644  python runEDBR2PKUTree_VVV.py 
  645  exit
  646  cd /eos/user/q/qiguo/transfertree/CMSSW_8_2_0/src
  647  cmsenv
  648  cd ../
  649  ls
  650  cd Mu16/
  651  ls
  652  vim filelist.txt
  653  exit
  654  cd /afs/cern.ch/work/q/qiguo/B2G/work/05/05_01/WJets_inc_vs_binned/v1/CMSSW_10_2_18/src/HT/HT/python
  655  nf NLO_WPt_binned_sample
  656  ls
  657  cp /cvmfs/cms.cern.ch/phys_generator/gridpacks/2017/13TeV/madgraph/V5_2.6.0/Vjets_Nbinned_VpTbinned/wellnu1j_5f_NLO_FXFX_slc6_amd64_gcc481_CMSSW_7_1_30_tarball.tar.xz .
  658  ls
  659  nf Wpt0_50
  660  tar xvf ../wellnu1j_5f_NLO_FXFX_slc6_amd64_gcc481_CMSSW_7_1_30_tarball.tar.xz 
  661  ls
  662  cd InputCards/
  663  ls
  664  vi wellnu1j_5f_NLO_FXFX_proc_card.dat
  665  ls
  666  cd ../
  667  ls
  668  cd ../
  669  ls
  670  cd 2017_crab
  671  ls
  672  cd getXsec
  673  ls
  674  cd ../
  675  ls
  676  cd NLO_WPt_binned_sample/
  677  ls
  678  cd Wpt0_50/
  679  ls
  680  cd InputCards/
  681  ls
  682  vim wellnu1j_5f_NLO_FXFX_run_card.dat
  683  ls
  684  vi wellnu1j_5f_NLO_FXFX_madspin_card.dat
  685  vim wellnu1j_5f_NLO_FXFX_proc_card.dat
  686  vim wellnu1j_5f_NLO_FXFX_run_card.dat
  687  cd ../
  688  ls
  689  cd 2017_crab_bk1
  690  cd ../
  691  cd 2017_crab_bk1
  692  l
  693  vim 17samplelist.txt
  694  cd ../
  695  ls
  696  cd NLO_WPt_binned_sample/
  697  cp /cvmfs/cms.cern.ch/phys_generator/gridpacks/2017/13TeV/madgraph/V5_2.4.2/WJetsToLNu_HT-800to1200/v1/WJetsToLNu_HT-800to1200_slc6_amd64_gcc481_CMSSW_7_1_30_tarball.tar.xz .
  698  pwd
  699  ls
  700  nf LO
  701  cd L
  702  nf HT-800to1200
  703  tar xvf ../../WJetsToLNu_HT-800to1200_slc6_amd64_gcc481_CMSSW_7_1_30_tarball.tar.xz
  704  ls
  705  cd /afs/cern.ch/work/q/qiguo/B2G/work/05/05_01/WJets_inc_vs_binned/v1/CMSSW_10_2_18/src/HT/HT/python/NLO_WPt_binned_sample
  706  ls
  707  rm -rf LO/
  708  cd ../
  709  ls
  710  cd 2017_crab
  711  cd getXsec
  712  ls
  713  vim xsec_WJetsToLNu_1J_TuneCP5_13TeV-amcatnloFXFX-pythia8.log
  714  cd ../../../../
  715  cd ../
  716  ls
  717  c
  718  scram b
  719  cd /afs/cern.ch/work/q/qiguo/B2G/work/05/05_01/WJets_inc_vs_binned/v1/CMSSW_10_2_18/src/HT/HT/plugins
  720  ls
  721  vim HT.cc 
  722  cd -
  723  scram b -j 16
  724  vim HT.cc 
  725  cd -
  726  vim gen_info.h 
  727  vim HT.cc 
  728  cd -
  729  scram b -j 16
  730  cd -
  731  vim gen_info.h 
  732  vim HT.cc 
  733  vim gen_info.h 
  734  vim HT.cc 
  735  cd -
  736  scram b -j 16
  737  cd -
  738  ls
  739  vim gen_info.h 
  740  vim HT.cc 
  741  cd /afs/cern.ch/work/q/qiguo/B2G/work/05/05_01/WJets_inc_vs_binned/v1/CMSSW_10_2_18/src/HT/HT/python
  742  ls
  743  cd 2017_crab
  744  ls
  745  vim 17samplelist.txt
  746  pwd
  747  vim 17samplelist.txt
  748  ls
  749  vim new_crabcode.py
  750  vim template.py
  751  mkdir /eos/user/q/qiguo/crab/B2G/WJets_17/v4
  752  vim new_crabcode.py
  753  python new_crabcode.py
  754  vim 17crabfolder/WJetsToLNu_1J_TuneCP5_13TeV-amcatnloFXFX-pythia8.py
  755  cd ../
  756  sh submit_17.sh 
  757  exit
  758  cd /afs/cern.ch/work/q/qiguo/B2G/work/05/05_01/WJets_inc_vs_binned/v1/CMSSW_10_2_18/src/HT/HT/python/NLO_WPt_binned_sample
  759  cd ../
  760  ls
  761  cd 2017_crab
  762  ls
  763  vim 17samplelist.txt
  764  cd ../
  765  cd NLO_WPt_binned_sample/
  766  cd ../
  767  cd 2017_crab
  768  ls
  769  vim 17samplelist.txt 
  770  cd ../
  771  cd NLO_WPt_binned_sample/
  772  ls
  773  cp /cvmfs/cms.cern.ch/phys_generator/gridpacks/2017/13TeV/madgraph/V5_2.6.0/Vjets_Nbinned_VpTbinned/wellnu1j_5f_NLO_FXFX_slc6_amd64_gcc481_CMSSW_7_1_30_tarball.tar.xz .
  774  cd ../
  775  du -sh
  776  rm -r crab_18_WJetsToLNu*
  777  du -sh
  778  ls
  779  cd NLO_WPt_binned_sample/
  780  du -sh
  781  pwd
  782  cd ../2017_crab
  783  ls
  784  cd getXsec_v1
  785  ls
  786  cd ../
  787  ls
  788  cd ../
  789  ls
  790  cd ../../../../
  791  ls
  792  cd ..
  793  ls
  794  cd GenHTweight/
  795  ls
  796  cd ../../
  797  ls
  798  cd /afs/cern.ch/work/q/qiguo/B2G/work/05/05_01/WJets_inc_vs_binned/v1/CMSSW_10_2_18/src/HT/HT/python
  799  ls
  800  cd NLO_WPt_binned_sample
  801  ls
  802  cd Wpt0_50
  803  du -sh
  804  cd ../
  805  rm -r Wpt0_50 LO
  806  pwd
  807  cd /eos/user/q/qiguo/crab/B2G/gridpack
  808  mv /afs/cern.ch/work/q/qiguo/B2G/work/05/05_01/WJets_inc_vs_binned/v1/CMSSW_10_2_18/src/HT/HT/python/NLO_WPt_binned_sample .
  809  cp -r /afs/cern.ch/work/q/qiguo/B2G/work/05/05_01/WJets_inc_vs_binned/v1/CMSSW_10_2_18/src/HT/HT/python/NLO_WPt_binned_sample .
  810  ls
  811  cd -
  812  ls
  813  cd ../
  814  ls
  815  cd 2017_crab
  816  ls
  817  vim 17samplelist.txt
  818  cd /eos/user/q/qiguo/crab/B2G/gridpack
  819  ls
  820  rm -rf NLO_WPt_binned_sample/
  821  cd -
  822  cd ../
  823  cd NLO_WPt_binned_sample/
  824  ls
  825  pwd
  826  ls
  827  cd ../
  828  ls
  829  cd ../
  830  ls
  831  cd plugins/
  832  ls
  833  vim gen_info.h
  834  vim HT.cc 
  835  cd ../python/
  836  ls
  837  vim WJets.py
  838  c
  839  cmsRun WJets.py
  840  ls
  841  pwd
  842  vim WJets.py
  843  cmsRun WJets.py
  844  pwd
  845  cd ../plugins/
  846  vim HT.cc 
  847  vim gen_info.h 
  848  vim HT.cc 
  849  cd -
  850  cmsRun WJets.py
  851  cd ../plugins/
  852  vim gen_info.h 
  853  pwd
  854  vim gen_info.h 
  855  vim HT.cc 
  856  cd ../python/
  857  ls
  858  vim WJets.py
  859  cmsRun WJets.py
  860  ls
  861  vim WJets
  862  vim WJets.py
  863  cmsRun WJets.py
  864  ls
  865  cd 2017_crab
  866  ls
  867  vim 17samplelist.txt
  868  ls
  869  cd 2017_crab
  870  ls
  871  cd getXsec
  872  ls
  873  vim xsec_WJetsToLNu_1J_TuneCP5_13TeV-amcatnloFXFX-pythia8.log
  874  vim xsec_WJetsToLNu_2J_TuneCP5_13TeV-amcatnloFXFX-pythia8.log
  875  vim xsec_WJetsToLNu_1J_TuneCP5_13TeV-amcatnloFXFX-pythia8.log
  876  vim xsec_WJetsToLNu_2J_TuneCP5_13TeV-amcatnloFXFX-pythia8.log
  877  vim xsec_WJetsToLNu_0J_TuneCP5_13TeV-amcatnloFXFX-pythia8.log
  878  cd ../
  879  cd ./
  880  cd ../
  881  ls
  882  vim WJets.py
  883  cmsRun WJets.py
  884  pwd
  885  ls
  886  pwd
  887  l
  888  cd 2016_crab
  889  ls
  890  cd 16crabfolder/
  891  cd ../
  892  vim 2016_MC_dataset.list 
  893  cd ../
  894  vim WJets.py
  895  cmsRun WJets.py
  896  cd 2016_crab
  897  ls
  898  cd 16crabfolder/
  899  ls
  900  cd ../
  901  vim template.py
  902  vim new_crabcode.py
  903  vim template.py
  904  mkdir /eos/user/q/qiguo/crab/B2G/WJets_reweighting/v3
  905  python new_crabcode.py
  906  vim 16crabfolder/WJetsToLNu_HT-800To1200_TuneCUETP8M1_13TeV-madgraphMLM-pythia8.py
  907  vim WJetsToLNu_TuneCUETP8M1_13TeV-amcatnloFXFX-pythia8.py
  908  vim 16crabfolder/WJetsToLNu_TuneCUETP8M1_13TeV-amcatnloFXFX-pythia8.py
  909  cd ../
  910  ls
  911  vim submit_16.sh
  912  vim 2016_crab/16crabfolder/WJetsToLNu_HT-100To200_TuneCUETP8M1_13TeV-madgraphMLM-pythia8.py
  913  ls /eos/user/q/qiguo/crab/B2G/WJets_reweighting/
  914  pwd
  915  sh submit_16.sh 
  916  ls
  917  vim check_16.sh 
  918  sh check_16.sh 
  919  exit
  920  cd /eos/user/q/qiguo/
  921  ls
  922  cd crab
  923  ls
  924  cd B2G/
  925  ls
  926  nf gridpack
  927  mv /afs/cern.ch/work/q/qiguo/B2G/work/05/05_01/WJets_inc_vs_binned/v1/CMSSW_10_2_18/src/HT/HT/python/NLO_WPt_binned_sample .
  928  ls
  929  rm -rf NLO_WPt_binned_sample/
  930  mv /afs/cern.ch/work/q/qiguo/B2G/work/05/05_01/WJets_inc_vs_binned/v1/CMSSW_10_2_18/src/HT/HT/python/NLO_WPt_binned_sample .
  931  ls
  932  mv /afs/cern.ch/work/q/qiguo/B2G/work/05/05_01/WJets_inc_vs_binned/v1/CMSSW_10_2_18/src/HT/HT/python/NLO_WPt_binned_sample .
  933  pwd
  934  cd /afs/cern.ch/work/q/qiguo/B2G/work/05/05_01/WJets_inc_vs_binned/v1/CMSSW_10_2_18/src/HT/HT/python/NLO_WPt_binned_sample
  935  ls
  936  cp /cvmfs/cms.cern.ch/phys_generator/gridpacks/2017/13TeV/madgraph/V5_2.6.0/Vjets_Nbinned_VpTbinned/wellnu1j_5f_NLO_FXFX_slc6_amd64_gcc481_CMSSW_7_1_30_tarball.tar.xz .
  937  ls
  938  cp /cvmfs/cms.cern.ch/phys_generator/gridpacks/2017/13TeV/madgraph/V5_2.6.0/Vjets_Nbinned_VpTbinned/wellnu1j_5f_NLO_FXFX_slc6_amd64_gcc481_CMSSW_7_1_30_tarball.tar.xz .
  939  ls
  940  nf NLO
  941  tar xvf ../wellnu1j_5f_NLO_FXFX_slc6_amd64_gcc481_CMSSW_7_1_30_tarball.tar.xz
  942  ls
  943  cd ../
  944  ls
  945  nf LO
  946  tar xvf ../WJetsToLNu_HT-800to1200_slc6_amd64_gcc481_CMSSW_7_1_30_tarball.tar.xz
  947  ls
  948  cd ../
  949  ls
  950  rm -rf LO NLO
  951  ls
  952  cd /eos/user/q/qiguo/crab/B2G/gridpack
  953  ls
  954  cd NLO_WPt_binned_sample/
  955  ls
  956  cd ../
  957  rm -rf NLO_WPt_binned_sample/
  958  ped
  959  pwd
  960  ls
  961  cp -r /afs/cern.ch/work/q/qiguo/B2G/work/05/05_01/WJets_inc_vs_binned/v1/CMSSW_10_2_18/src/HT/HT/python/NLO_WPt_binned_sample .
  962  ls
  963  cd NLO_WPt_binned_sample/
  964  ls
  965  nf NLO
  966  tar xvf ../../wellnu1j_5f_NLO_FXFX_slc6_amd64_gcc481_CMSSW_7_1_30_tarball.tar.xz
  967  tar xvf ../wellnu1j_5f_NLO_FXFX_slc6_amd64_gcc481_CMSSW_7_1_30_tarball.tar.xz
  968  ls
  969  cd ../
  970  nf LO
  971  ls ..
  972  tar xvf ../WJetsToLNu_HT-800to1200_slc6_amd64_gcc481_CMSSW_7_1_30_tarball.tar.xz
  973  ls
  974  cd InputCards/
  975  ls
  976  vim WJetsToLNu_HT-800to1200_proc_card.dat
  977  cd ../
  978  ls
  979  cd ../
  980  ls
  981  cd NLO
  982  ls
  983  vim gridpack_generation.log
  984  cd ../
  985  ls
  986  cd LO/
  987  ls
  988  vim gridpack_generation.log
  989  cd ../
  990  cd NLO/
  991  ls
  992  vim gridpack_generation.log 
  993  cd /afs/cern.ch/work/q/qiguo/B2G/work/05/05_01/WJets_inc_vs_binned/v1/CMSSW_10_2_18/src/HT/HT/python/2017_crab_bk
  994  cd /afs/cern.ch/work/q/qiguo/B2G/work/05/05_01/WJets_inc_vs_binned/v1/CMSSW_10_2_18/src/HT/HT/python/2017_crab_bk1/
  995  ls
  996  vim 17samplelist.txt
  997  exit
  998  cd /eos/user/q/qiguo/crab/VVV/
  999  ls
 1000  exit
 1001  cd /eos/user/q/qiguo/crab/VVV/
 1002  ls
 1003  cd ../
 1004  ls
 1005  cd ../
 1006  ls
 1007  cd transfertree/
 1008  ls
 1009  cd Mu16/
 1010  ls
 1011  vim filelist_data.txt
 1012  vim EDBR2PKUTree.C
 1013  pwd
 1014  vim runEDBR2PKUTree_data.py
 1015  vim EDBR2PKUTree.C
 1016  history
 1017  history > history.log
